2024-12-06 09:40:45 [w2p_decrypt] - Decryption error: Cannot instantiate interface Throwable
2024-12-06 09:40:45 [w2p_decrypt] - Decryption error: Cannot instantiate interface Throwable
2024-12-06 09:40:45 [w2p_decrypt] - Decryption error: Cannot instantiate interface Throwable
2024-12-06 09:40:45 [w2p_plugin_activate_cron] - Scheduling cron w2p_send_queries
2024-12-06 09:40:46 [w2p_decrypt] - Decryption error: Cannot instantiate interface Throwable
2024-12-06 09:40:46 [w2p_decrypt] - Decryption error: Cannot instantiate interface Throwable
2024-12-06 09:40:46 [w2p_decrypt] - Decryption error: Cannot instantiate interface Throwable
2024-12-06 09:40:46 [w2p_decrypt] - Decryption error: Cannot instantiate interface Throwable
2024-12-06 09:40:46 [w2p_decrypt] - Decryption error: Cannot instantiate interface Throwable
2024-12-06 09:40:46 [w2p_decrypt] - Decryption error: Cannot instantiate interface Throwable
2024-12-06 09:40:46 [w2p_decrypt] - Decryption error: Cannot instantiate interface Throwable
2024-12-06 09:40:46 [w2p_decrypt] - Decryption error: Cannot instantiate interface Throwable
2024-12-06 09:40:46 [w2p_decrypt] - Decryption error: Cannot instantiate interface Throwable
2024-12-06 09:40:46 [w2p_decrypt] - Decryption error: Cannot instantiate interface Throwable
2024-12-06 09:40:46 [w2p_decrypt] - Decryption error: Cannot instantiate interface Throwable
2024-12-06 09:40:46 [w2p_decrypt] - Decryption error: Cannot instantiate interface Throwable
2024-12-06 09:40:46 [w2p_send_queries] - Cron executed for organization
2024-12-06 09:40:46 [w2p_decrypt] - Decryption error: Cannot instantiate interface Throwable
2024-12-06 09:40:46 [w2p_decrypt] - Decryption error: Cannot instantiate interface Throwable
2024-12-06 09:40:46 [w2p_decrypt] - Decryption error: Cannot instantiate interface Throwable
2024-12-06 09:40:46 [w2p_decrypt] - Decryption error: Cannot instantiate interface Throwable
2024-12-06 09:40:46 [w2p_decrypt] - Decryption error: Cannot instantiate interface Throwable
2024-12-06 09:40:46 [w2p_decrypt] - Decryption error: Cannot instantiate interface Throwable
2024-12-06 09:40:46 [w2p_decrypt] - Decryption error: Cannot instantiate interface Throwable
2024-12-06 09:40:46 [w2p_decrypt] - Decryption error: Cannot instantiate interface Throwable
2024-12-06 09:40:46 [w2p_decrypt] - Decryption error: Cannot instantiate interface Throwable
2024-12-06 09:40:46 [w2p_decrypt] - Decryption error: Cannot instantiate interface Throwable
2024-12-06 09:40:46 [w2p_decrypt] - Decryption error: Cannot instantiate interface Throwable
2024-12-06 09:40:46 [w2p_decrypt] - Decryption error: Cannot instantiate interface Throwable
2024-12-06 09:40:46 [w2p_decrypt] - Decryption error: Cannot instantiate interface Throwable
2024-12-06 09:40:46 [w2p_decrypt] - Decryption error: Cannot instantiate interface Throwable
2024-12-06 09:40:46 [w2p_decrypt] - Decryption error: Cannot instantiate interface Throwable
2024-12-06 09:40:46 [w2p_decrypt] - Decryption error: Cannot instantiate interface Throwable
2024-12-06 09:40:46 [w2p_decrypt] - Decryption error: Cannot instantiate interface Throwable
2024-12-06 09:40:46 [w2p_decrypt] - Decryption error: Cannot instantiate interface Throwable
2024-12-06 09:40:46 [w2p_decrypt] - Decryption error: Cannot instantiate interface Throwable
2024-12-06 09:40:46 [w2p_decrypt] - Decryption error: Cannot instantiate interface Throwable
2024-12-06 09:40:46 [w2p_decrypt] - Decryption error: Cannot instantiate interface Throwable
2024-12-06 09:40:46 [w2p_decrypt] - Decryption error: Cannot instantiate interface Throwable
2024-12-06 09:40:46 [w2p_decrypt] - Decryption error: Cannot instantiate interface Throwable
2024-12-06 09:40:46 [w2p_decrypt] - Decryption error: Cannot instantiate interface Throwable
2024-12-06 09:40:46 [w2p_decrypt] - Decryption error: Cannot instantiate interface Throwable
2024-12-06 09:40:46 [w2p_decrypt] - Decryption error: Cannot instantiate interface Throwable
2024-12-06 09:40:46 [w2p_decrypt] - Decryption error: Cannot instantiate interface Throwable
2024-12-06 09:40:46 [w2p_decrypt] - Decryption error: Cannot instantiate interface Throwable
2024-12-06 09:40:46 [w2p_decrypt] - Decryption error: Cannot instantiate interface Throwable
2024-12-06 09:40:46 [w2p_decrypt] - Decryption error: Cannot instantiate interface Throwable
2024-12-06 09:40:46 [w2p_decrypt] - Decryption error: Cannot instantiate interface Throwable
2024-12-06 09:40:46 [w2p_decrypt] - Decryption error: Cannot instantiate interface Throwable
2024-12-06 09:40:46 [w2p_decrypt] - Decryption error: Cannot instantiate interface Throwable
2024-12-06 09:40:46 [w2p_decrypt] - Decryption error: Cannot instantiate interface Throwable
2024-12-06 09:40:46 [w2p_decrypt] - Decryption error: Cannot instantiate interface Throwable
2024-12-06 09:40:46 [w2p_decrypt] - Decryption error: Cannot instantiate interface Throwable
2024-12-06 09:40:46 [w2p_decrypt] - Decryption error: Cannot instantiate interface Throwable
2024-12-06 09:40:46 [w2p_decrypt] - Decryption error: Cannot instantiate interface Throwable
2024-12-06 09:40:46 [w2p_decrypt] - Decryption error: Cannot instantiate interface Throwable
2024-12-06 09:40:46 [w2p_decrypt] - Decryption error: Cannot instantiate interface Throwable
2024-12-06 09:40:46 [w2p_decrypt] - Decryption error: Cannot instantiate interface Throwable
2024-12-06 09:40:46 [w2p_decrypt] - Decryption error: Cannot instantiate interface Throwable
2024-12-06 09:40:46 [w2p_decrypt] - Decryption error: Cannot instantiate interface Throwable
2024-12-06 09:40:46 [w2p_decrypt] - Decryption error: Cannot instantiate interface Throwable
2024-12-06 09:40:46 [w2p_decrypt] - Decryption error: Cannot instantiate interface Throwable
2024-12-06 09:40:46 [w2p_decrypt] - Decryption error: Cannot instantiate interface Throwable
2024-12-06 09:40:46 [w2p_decrypt] - Decryption error: Cannot instantiate interface Throwable
2024-12-06 09:40:46 [w2p_decrypt] - Decryption error: Cannot instantiate interface Throwable
2024-12-06 09:40:46 [w2p_decrypt] - Decryption error: Cannot instantiate interface Throwable
2024-12-06 09:40:46 [w2p_decrypt] - Decryption error: Cannot instantiate interface Throwable
2024-12-06 09:40:46 [w2p_decrypt] - Decryption error: Cannot instantiate interface Throwable
2024-12-06 09:40:46 [w2p_decrypt] - Decryption error: Cannot instantiate interface Throwable
2024-12-06 09:40:46 [w2p_decrypt] - Decryption error: Cannot instantiate interface Throwable
2024-12-06 09:40:46 [w2p_decrypt] - Decryption error: Cannot instantiate interface Throwable
2024-12-06 09:40:46 [w2p_decrypt] - Decryption error: Cannot instantiate interface Throwable
2024-12-06 09:40:46 [w2p_decrypt] - Decryption error: Cannot instantiate interface Throwable
2024-12-06 09:40:46 [w2p_decrypt] - Decryption error: Cannot instantiate interface Throwable
2024-12-06 09:40:46 [w2p_decrypt] - Decryption error: Cannot instantiate interface Throwable
2024-12-06 09:40:46 [w2p_decrypt] - Decryption error: Cannot instantiate interface Throwable
2024-12-06 09:40:46 [w2p_decrypt] - Decryption error: Cannot instantiate interface Throwable
2024-12-06 09:40:46 [w2p_decrypt] - Decryption error: Cannot instantiate interface Throwable
2024-12-06 09:40:46 [w2p_decrypt] - Decryption error: Cannot instantiate interface Throwable
2024-12-06 09:40:46 [w2p_decrypt] - Decryption error: Cannot instantiate interface Throwable
2024-12-06 09:40:46 [w2p_decrypt] - Decryption error: Cannot instantiate interface Throwable
2024-12-06 09:40:46 [w2p_decrypt] - Decryption error: Cannot instantiate interface Throwable
2024-12-06 09:40:46 [w2p_decrypt] - Decryption error: Cannot instantiate interface Throwable
2024-12-06 09:40:46 [w2p_decrypt] - Decryption error: Cannot instantiate interface Throwable
2024-12-06 09:40:46 [w2p_decrypt] - Decryption error: Cannot instantiate interface Throwable
2024-12-06 09:40:46 [w2p_decrypt] - Decryption error: Cannot instantiate interface Throwable
2024-12-06 09:40:46 [w2p_decrypt] - Decryption error: Cannot instantiate interface Throwable
2024-12-06 09:40:46 [w2p_decrypt] - Decryption error: Cannot instantiate interface Throwable
2024-12-06 09:40:46 [w2p_decrypt] - Decryption error: Cannot instantiate interface Throwable
2024-12-06 09:40:46 [w2p_decrypt] - Decryption error: Cannot instantiate interface Throwable
2024-12-06 09:40:46 [w2p_decrypt] - Decryption error: Cannot instantiate interface Throwable
2024-12-06 09:40:46 [w2p_decrypt] - Decryption error: Cannot instantiate interface Throwable
2024-12-06 09:40:46 [w2p_decrypt] - Decryption error: Cannot instantiate interface Throwable
2024-12-06 09:40:46 [w2p_decrypt] - Decryption error: Cannot instantiate interface Throwable
2024-12-06 09:40:46 [w2p_decrypt] - Decryption error: Cannot instantiate interface Throwable
2024-12-06 09:40:47 [w2p_decrypt] - Decryption error: Cannot instantiate interface Throwable
2024-12-06 09:40:47 [w2p_decrypt] - Decryption error: Cannot instantiate interface Throwable
2024-12-06 09:40:47 [w2p_decrypt] - Decryption error: Cannot instantiate interface Throwable
2024-12-06 09:40:47 [w2p_decrypt] - Decryption error: Cannot instantiate interface Throwable
2024-12-06 09:40:47 [w2p_decrypt] - Decryption error: Cannot instantiate interface Throwable
2024-12-06 09:40:47 [w2p_decrypt] - Decryption error: Cannot instantiate interface Throwable
2024-12-06 09:40:47 [w2p_decrypt] - Decryption error: Cannot instantiate interface Throwable
2024-12-06 09:40:47 [w2p_decrypt] - Decryption error: Cannot instantiate interface Throwable
2024-12-06 09:40:47 [w2p_decrypt] - Decryption error: Cannot instantiate interface Throwable
2024-12-06 09:40:47 [w2p_decrypt] - Decryption error: Cannot instantiate interface Throwable
2024-12-06 09:40:47 [w2p_decrypt] - Decryption error: Cannot instantiate interface Throwable
2024-12-06 09:40:47 [w2p_decrypt] - Decryption error: Cannot instantiate interface Throwable
2024-12-06 09:40:47 [w2p_decrypt] - Decryption error: Cannot instantiate interface Throwable
2024-12-06 09:40:47 [w2p_decrypt] - Decryption error: Cannot instantiate interface Throwable
2024-12-06 09:40:47 [w2p_decrypt] - Decryption error: Cannot instantiate interface Throwable
2024-12-06 09:40:47 [w2p_decrypt] - Decryption error: Cannot instantiate interface Throwable
2024-12-06 09:40:47 [w2p_decrypt] - Decryption error: Cannot instantiate interface Throwable
2024-12-06 09:40:47 [w2p_decrypt] - Decryption error: Cannot instantiate interface Throwable
2024-12-06 09:40:47 [w2p_send_queries] - Cron executed for person
2024-12-06 09:40:47 [w2p_send_queries] - Cron executed for deal
2024-12-06 09:40:47 [w2p_send_queries] - Cron executed for 2 queries ! - success:  0 | error: 2
2024-12-06 09:41:47 [w2p_decrypt] - Decryption error: Cannot instantiate interface Throwable
2024-12-06 09:41:47 [w2p_decrypt] - Decryption error: Cannot instantiate interface Throwable
2024-12-06 09:41:47 [w2p_decrypt] - Decryption error: Cannot instantiate interface Throwable
2024-12-06 09:41:47 [w2p_decrypt] - Decryption error: Cannot instantiate interface Throwable
2024-12-06 09:41:47 [w2p_decrypt] - Decryption error: Cannot instantiate interface Throwable
2024-12-06 09:41:47 [w2p_decrypt] - Decryption error: Cannot instantiate interface Throwable
2024-12-06 09:42:39 [w2p_decrypt] - Decryption error: Cannot instantiate interface Throwable
2024-12-06 09:42:39 [w2p_decrypt] - Decryption error: Cannot instantiate interface Throwable
2024-12-06 09:42:39 [w2p_decrypt] - Decryption error: Cannot instantiate interface Throwable
2024-12-06 09:42:39 [w2p_decrypt] - Decryption error: Cannot instantiate interface Throwable
2024-12-06 09:42:39 [w2p_decrypt] - Decryption error: Cannot instantiate interface Throwable
2024-12-06 09:42:39 [w2p_decrypt] - Decryption error: Cannot instantiate interface Throwable
2024-12-06 09:42:39 [w2p_decrypt] - Decryption error: Cannot instantiate interface Throwable
2024-12-06 09:42:39 [w2p_decrypt] - Decryption error: Cannot instantiate interface Throwable
2024-12-06 09:42:39 [w2p_decrypt] - Decryption error: Cannot instantiate interface Throwable
2024-12-06 09:43:39 [w2p_decrypt] - Decryption error: Cannot instantiate interface Throwable
2024-12-06 09:43:39 [w2p_decrypt] - Decryption error: Cannot instantiate interface Throwable
2024-12-06 09:43:39 [w2p_decrypt] - Decryption error: Cannot instantiate interface Throwable
2024-12-06 09:43:39 [w2p_decrypt] - Decryption error: Cannot instantiate interface Throwable
2024-12-06 09:43:39 [w2p_decrypt] - Decryption error: Cannot instantiate interface Throwable
2024-12-06 09:43:39 [w2p_decrypt] - Decryption error: Cannot instantiate interface Throwable
2024-12-06 09:44:19 [w2p_decrypt] - Decryption error: Cannot instantiate interface Throwable
2024-12-06 09:44:19 [w2p_decrypt] - Decryption error: Cannot instantiate interface Throwable
2024-12-06 09:44:19 [w2p_decrypt] - Decryption error: Cannot instantiate interface Throwable
2024-12-06 09:44:19 [w2p_decrypt] - Decryption error: Cannot instantiate interface Throwable
2024-12-06 09:44:19 [w2p_decrypt] - Decryption error: Cannot instantiate interface Throwable
2024-12-06 09:44:19 [w2p_decrypt] - Decryption error: Cannot instantiate interface Throwable
2024-12-06 09:44:20 [w2p_decrypt] - Decryption error: Cannot instantiate interface Throwable
2024-12-06 09:44:20 [w2p_decrypt] - Decryption error: Cannot instantiate interface Throwable
2024-12-06 09:44:20 [w2p_decrypt] - Decryption error: Cannot instantiate interface Throwable
2024-12-06 09:44:34 [w2p_decrypt] - Decryption error: Cannot instantiate interface Throwable
2024-12-06 09:44:34 [w2p_decrypt] - Decryption error: Cannot instantiate interface Throwable
2024-12-06 09:44:34 [w2p_decrypt] - Decryption error: Cannot instantiate interface Throwable
2024-12-06 09:44:34 [w2p_decrypt] - Decryption error: Cannot instantiate interface Throwable
2024-12-06 09:44:34 [w2p_decrypt] - Decryption error: Cannot instantiate interface Throwable
2024-12-06 09:44:34 [w2p_decrypt] - Decryption error: Cannot instantiate interface Throwable
2024-12-06 09:44:40 [w2p_decrypt] - Decryption error: Cannot instantiate interface Throwable
2024-12-06 09:44:40 [w2p_decrypt] - Decryption error: Cannot instantiate interface Throwable
2024-12-06 09:44:40 [w2p_decrypt] - Decryption error: Cannot instantiate interface Throwable
2024-12-06 09:44:40 [w2p_decrypt] - Decryption error: Cannot instantiate interface Throwable
2024-12-06 09:44:40 [w2p_decrypt] - Decryption error: Cannot instantiate interface Throwable
2024-12-06 09:44:40 [w2p_decrypt] - Decryption error: Cannot instantiate interface Throwable
2024-12-06 09:44:41 [w2p_decrypt] - Decryption error: Cannot instantiate interface Throwable
2024-12-06 09:44:41 [w2p_decrypt] - Decryption error: Cannot instantiate interface Throwable
2024-12-06 09:44:41 [w2p_decrypt] - Decryption error: Cannot instantiate interface Throwable
2024-12-06 09:44:41 [w2p_decrypt] - Decryption error: Cannot instantiate interface Throwable
2024-12-06 09:44:41 [w2p_decrypt] - Decryption error: Cannot instantiate interface Throwable
2024-12-06 09:44:41 [w2p_decrypt] - Decryption error: Cannot instantiate interface Throwable
2024-12-06 09:44:42 [w2p_decrypt] - Decryption error: Cannot instantiate interface Throwable
2024-12-06 09:44:42 [w2p_decrypt] - Decryption error: Cannot instantiate interface Throwable
2024-12-06 09:44:42 [w2p_decrypt] - Decryption error: Cannot instantiate interface Throwable
2024-12-06 09:44:42 [w2p_decrypt] - Decryption error: Cannot instantiate interface Throwable
2024-12-06 09:44:42 [w2p_decrypt] - Decryption error: Cannot instantiate interface Throwable
2024-12-06 09:44:42 [w2p_decrypt] - Decryption error: Cannot instantiate interface Throwable
2024-12-06 09:45:02 [w2p_decrypt] - Decryption error: Cannot instantiate interface Throwable
2024-12-06 09:45:02 [w2p_decrypt] - Decryption error: Cannot instantiate interface Throwable
2024-12-06 09:45:02 [w2p_decrypt] - Decryption error: Cannot instantiate interface Throwable
2024-12-06 09:45:06 [w2p_decrypt] - Decryption error: Cannot instantiate interface Throwable
2024-12-06 09:45:06 [w2p_decrypt] - Decryption error: Cannot instantiate interface Throwable
2024-12-06 09:45:06 [w2p_decrypt] - Decryption error: Cannot instantiate interface Throwable
2024-12-06 09:45:26 [w2p_decrypt] - Decryption error: Cannot instantiate interface Throwable
2024-12-06 09:45:26 [w2p_decrypt] - Decryption error: Cannot instantiate interface Throwable
2024-12-06 09:45:26 [w2p_decrypt] - Decryption error: Cannot instantiate interface Throwable
2024-12-06 09:45:26 [w2p_decrypt] - Decryption error: Cannot instantiate interface Throwable
2024-12-06 09:45:26 [w2p_decrypt] - Decryption error: Cannot instantiate interface Throwable
2024-12-06 09:45:26 [w2p_decrypt] - Decryption error: Cannot instantiate interface Throwable
2024-12-06 09:45:26 [w2p_decrypt] - Decryption error: Cannot instantiate interface Throwable
2024-12-06 09:45:26 [w2p_decrypt] - Decryption error: Cannot instantiate interface Throwable
2024-12-06 09:45:26 [w2p_decrypt] - Decryption error: Cannot instantiate interface Throwable
2024-12-06 09:45:27 [w2p_decrypt] - Decryption error: Cannot instantiate interface Throwable
2024-12-06 09:45:27 [w2p_decrypt] - Decryption error: Cannot instantiate interface Throwable
2024-12-06 09:45:27 [w2p_decrypt] - Decryption error: Cannot instantiate interface Throwable
2024-12-06 09:45:27 [w2p_decrypt] - Decryption error: Cannot instantiate interface Throwable
2024-12-06 09:45:27 [w2p_decrypt] - Decryption error: Cannot instantiate interface Throwable
2024-12-06 09:45:27 [w2p_decrypt] - Decryption error: Cannot instantiate interface Throwable
2024-12-06 09:45:27 [w2p_decrypt] - Decryption error: Cannot instantiate interface Throwable
2024-12-06 09:45:27 [w2p_decrypt] - Decryption error: Cannot instantiate interface Throwable
2024-12-06 09:45:27 [w2p_decrypt] - Decryption error: Cannot instantiate interface Throwable
2024-12-06 09:45:28 [w2p_decrypt] - Decryption error: Cannot instantiate interface Throwable
2024-12-06 09:45:28 [w2p_decrypt] - Decryption error: Cannot instantiate interface Throwable
2024-12-06 09:45:28 [w2p_decrypt] - Decryption error: Cannot instantiate interface Throwable
2024-12-06 09:45:48 [w2p_decrypt] - Decryption error: Cannot instantiate interface Throwable
2024-12-06 09:45:48 [w2p_decrypt] - Decryption error: Cannot instantiate interface Throwable
2024-12-06 09:45:48 [w2p_decrypt] - Decryption error: Cannot instantiate interface Throwable
2024-12-06 09:45:48 [w2p_decrypt] - Decryption error: Cannot instantiate interface Throwable
2024-12-06 09:45:48 [w2p_decrypt] - Decryption error: Cannot instantiate interface Throwable
2024-12-06 09:45:48 [w2p_decrypt] - Decryption error: Cannot instantiate interface Throwable
2024-12-06 09:45:48 [w2p_decrypt] - Decryption error: Cannot instantiate interface Throwable
2024-12-06 09:45:48 [w2p_decrypt] - Decryption error: Cannot instantiate interface Throwable
2024-12-06 09:45:48 [w2p_decrypt] - Decryption error: Cannot instantiate interface Throwable
2024-12-06 09:45:48 [w2p_decrypt] - Decryption error: Cannot instantiate interface Throwable
2024-12-06 09:45:48 [w2p_decrypt] - Decryption error: Cannot instantiate interface Throwable
2024-12-06 09:45:48 [w2p_decrypt] - Decryption error: Cannot instantiate interface Throwable
2024-12-06 09:45:48 [w2p_send_queries] - Cron executed for organization
2024-12-06 09:45:48 [w2p_decrypt] - Decryption error: Cannot instantiate interface Throwable
2024-12-06 09:45:48 [w2p_decrypt] - Decryption error: Cannot instantiate interface Throwable
2024-12-06 09:45:48 [w2p_decrypt] - Decryption error: Cannot instantiate interface Throwable
2024-12-06 09:45:48 [w2p_decrypt] - Decryption error: Cannot instantiate interface Throwable
2024-12-06 09:45:48 [w2p_decrypt] - Decryption error: Cannot instantiate interface Throwable
2024-12-06 09:45:48 [w2p_decrypt] - Decryption error: Cannot instantiate interface Throwable
2024-12-06 09:45:48 [w2p_decrypt] - Decryption error: Cannot instantiate interface Throwable
2024-12-06 09:45:48 [w2p_decrypt] - Decryption error: Cannot instantiate interface Throwable
2024-12-06 09:45:48 [w2p_decrypt] - Decryption error: Cannot instantiate interface Throwable
2024-12-06 09:45:48 [w2p_decrypt] - Decryption error: Cannot instantiate interface Throwable
2024-12-06 09:45:48 [w2p_decrypt] - Decryption error: Cannot instantiate interface Throwable
2024-12-06 09:45:48 [w2p_decrypt] - Decryption error: Cannot instantiate interface Throwable
2024-12-06 09:45:48 [w2p_decrypt] - Decryption error: Cannot instantiate interface Throwable
2024-12-06 09:45:48 [w2p_decrypt] - Decryption error: Cannot instantiate interface Throwable
2024-12-06 09:45:48 [w2p_decrypt] - Decryption error: Cannot instantiate interface Throwable
2024-12-06 09:45:48 [w2p_decrypt] - Decryption error: Cannot instantiate interface Throwable
2024-12-06 09:45:48 [w2p_decrypt] - Decryption error: Cannot instantiate interface Throwable
2024-12-06 09:45:48 [w2p_decrypt] - Decryption error: Cannot instantiate interface Throwable
2024-12-06 09:45:48 [w2p_decrypt] - Decryption error: Cannot instantiate interface Throwable
2024-12-06 09:45:48 [w2p_decrypt] - Decryption error: Cannot instantiate interface Throwable
2024-12-06 09:45:48 [w2p_decrypt] - Decryption error: Cannot instantiate interface Throwable
2024-12-06 09:45:48 [w2p_decrypt] - Decryption error: Cannot instantiate interface Throwable
2024-12-06 09:45:48 [w2p_decrypt] - Decryption error: Cannot instantiate interface Throwable
2024-12-06 09:45:48 [w2p_decrypt] - Decryption error: Cannot instantiate interface Throwable
2024-12-06 09:45:48 [w2p_decrypt] - Decryption error: Cannot instantiate interface Throwable
2024-12-06 09:45:48 [w2p_decrypt] - Decryption error: Cannot instantiate interface Throwable
2024-12-06 09:45:48 [w2p_decrypt] - Decryption error: Cannot instantiate interface Throwable
2024-12-06 09:45:48 [w2p_decrypt] - Decryption error: Cannot instantiate interface Throwable
2024-12-06 09:45:48 [w2p_decrypt] - Decryption error: Cannot instantiate interface Throwable
2024-12-06 09:45:48 [w2p_decrypt] - Decryption error: Cannot instantiate interface Throwable
2024-12-06 09:45:48 [w2p_decrypt] - Decryption error: Cannot instantiate interface Throwable
2024-12-06 09:45:48 [w2p_decrypt] - Decryption error: Cannot instantiate interface Throwable
2024-12-06 09:45:48 [w2p_decrypt] - Decryption error: Cannot instantiate interface Throwable
2024-12-06 09:45:48 [w2p_decrypt] - Decryption error: Cannot instantiate interface Throwable
2024-12-06 09:45:48 [w2p_decrypt] - Decryption error: Cannot instantiate interface Throwable
2024-12-06 09:45:48 [w2p_decrypt] - Decryption error: Cannot instantiate interface Throwable
2024-12-06 09:45:48 [w2p_decrypt] - Decryption error: Cannot instantiate interface Throwable
2024-12-06 09:45:48 [w2p_decrypt] - Decryption error: Cannot instantiate interface Throwable
2024-12-06 09:45:48 [w2p_decrypt] - Decryption error: Cannot instantiate interface Throwable
2024-12-06 09:45:48 [w2p_decrypt] - Decryption error: Cannot instantiate interface Throwable
2024-12-06 09:45:48 [w2p_decrypt] - Decryption error: Cannot instantiate interface Throwable
2024-12-06 09:45:48 [w2p_decrypt] - Decryption error: Cannot instantiate interface Throwable
2024-12-06 09:45:48 [w2p_decrypt] - Decryption error: Cannot instantiate interface Throwable
2024-12-06 09:45:48 [w2p_decrypt] - Decryption error: Cannot instantiate interface Throwable
2024-12-06 09:45:48 [w2p_decrypt] - Decryption error: Cannot instantiate interface Throwable
2024-12-06 09:45:48 [w2p_decrypt] - Decryption error: Cannot instantiate interface Throwable
2024-12-06 09:45:48 [w2p_decrypt] - Decryption error: Cannot instantiate interface Throwable
2024-12-06 09:45:48 [w2p_decrypt] - Decryption error: Cannot instantiate interface Throwable
2024-12-06 09:45:48 [w2p_decrypt] - Decryption error: Cannot instantiate interface Throwable
2024-12-06 09:45:48 [w2p_decrypt] - Decryption error: Cannot instantiate interface Throwable
2024-12-06 09:45:48 [w2p_decrypt] - Decryption error: Cannot instantiate interface Throwable
2024-12-06 09:45:48 [w2p_decrypt] - Decryption error: Cannot instantiate interface Throwable
2024-12-06 09:45:48 [w2p_decrypt] - Decryption error: Cannot instantiate interface Throwable
2024-12-06 09:45:48 [w2p_decrypt] - Decryption error: Cannot instantiate interface Throwable
2024-12-06 09:45:48 [w2p_decrypt] - Decryption error: Cannot instantiate interface Throwable
2024-12-06 09:45:48 [w2p_decrypt] - Decryption error: Cannot instantiate interface Throwable
2024-12-06 09:45:48 [w2p_decrypt] - Decryption error: Cannot instantiate interface Throwable
2024-12-06 09:45:48 [w2p_decrypt] - Decryption error: Cannot instantiate interface Throwable
2024-12-06 09:45:48 [w2p_decrypt] - Decryption error: Cannot instantiate interface Throwable
2024-12-06 09:45:48 [w2p_decrypt] - Decryption error: Cannot instantiate interface Throwable
2024-12-06 09:45:48 [w2p_decrypt] - Decryption error: Cannot instantiate interface Throwable
2024-12-06 09:45:48 [w2p_decrypt] - Decryption error: Cannot instantiate interface Throwable
2024-12-06 09:45:48 [w2p_decrypt] - Decryption error: Cannot instantiate interface Throwable
2024-12-06 09:45:48 [w2p_decrypt] - Decryption error: Cannot instantiate interface Throwable
2024-12-06 09:45:48 [w2p_decrypt] - Decryption error: Cannot instantiate interface Throwable
2024-12-06 09:45:48 [w2p_decrypt] - Decryption error: Cannot instantiate interface Throwable
2024-12-06 09:45:48 [w2p_decrypt] - Decryption error: Cannot instantiate interface Throwable
2024-12-06 09:45:48 [w2p_decrypt] - Decryption error: Cannot instantiate interface Throwable
2024-12-06 09:45:48 [w2p_decrypt] - Decryption error: Cannot instantiate interface Throwable
2024-12-06 09:45:48 [w2p_decrypt] - Decryption error: Cannot instantiate interface Throwable
2024-12-06 09:45:48 [w2p_decrypt] - Decryption error: Cannot instantiate interface Throwable
2024-12-06 09:45:48 [w2p_decrypt] - Decryption error: Cannot instantiate interface Throwable
2024-12-06 09:45:48 [w2p_decrypt] - Decryption error: Cannot instantiate interface Throwable
2024-12-06 09:45:48 [w2p_decrypt] - Decryption error: Cannot instantiate interface Throwable
2024-12-06 09:45:48 [w2p_decrypt] - Decryption error: Cannot instantiate interface Throwable
2024-12-06 09:45:48 [w2p_decrypt] - Decryption error: Cannot instantiate interface Throwable
2024-12-06 09:45:48 [w2p_decrypt] - Decryption error: Cannot instantiate interface Throwable
2024-12-06 09:45:48 [w2p_decrypt] - Decryption error: Cannot instantiate interface Throwable
2024-12-06 09:45:49 [w2p_decrypt] - Decryption error: Cannot instantiate interface Throwable
2024-12-06 09:45:49 [w2p_decrypt] - Decryption error: Cannot instantiate interface Throwable
2024-12-06 09:45:49 [w2p_decrypt] - Decryption error: Cannot instantiate interface Throwable
2024-12-06 09:45:49 [w2p_decrypt] - Decryption error: Cannot instantiate interface Throwable
2024-12-06 09:45:49 [w2p_decrypt] - Decryption error: Cannot instantiate interface Throwable
2024-12-06 09:45:49 [w2p_decrypt] - Decryption error: Cannot instantiate interface Throwable
2024-12-06 09:45:49 [w2p_decrypt] - Decryption error: Cannot instantiate interface Throwable
2024-12-06 09:45:49 [w2p_decrypt] - Decryption error: Cannot instantiate interface Throwable
2024-12-06 09:45:49 [w2p_decrypt] - Decryption error: Cannot instantiate interface Throwable
2024-12-06 09:45:49 [w2p_decrypt] - Decryption error: Cannot instantiate interface Throwable
2024-12-06 09:45:49 [w2p_decrypt] - Decryption error: Cannot instantiate interface Throwable
2024-12-06 09:45:49 [w2p_decrypt] - Decryption error: Cannot instantiate interface Throwable
2024-12-06 09:45:49 [w2p_decrypt] - Decryption error: Cannot instantiate interface Throwable
2024-12-06 09:45:49 [w2p_decrypt] - Decryption error: Cannot instantiate interface Throwable
2024-12-06 09:45:49 [w2p_decrypt] - Decryption error: Cannot instantiate interface Throwable
2024-12-06 09:45:49 [w2p_decrypt] - Decryption error: Cannot instantiate interface Throwable
2024-12-06 09:45:49 [w2p_decrypt] - Decryption error: Cannot instantiate interface Throwable
2024-12-06 09:45:49 [w2p_decrypt] - Decryption error: Cannot instantiate interface Throwable
2024-12-06 09:45:49 [w2p_send_queries] - Cron executed for person
2024-12-06 09:45:49 [w2p_send_queries] - Cron executed for deal
2024-12-06 09:45:49 [w2p_send_queries] - Cron executed for 2 queries ! - success:  0 | error: 2
2024-12-06 09:46:08 [w2p_decrypt] - Decryption error: Cannot instantiate interface Throwable
2024-12-06 09:46:08 [w2p_decrypt] - Decryption error: Cannot instantiate interface Throwable
2024-12-06 09:46:08 [w2p_decrypt] - Decryption error: Cannot instantiate interface Throwable
2024-12-06 09:46:27 [w2p_decrypt] - Decryption error: Cannot instantiate interface Throwable
2024-12-06 09:46:27 [w2p_decrypt] - Decryption error: Cannot instantiate interface Throwable
2024-12-06 09:46:27 [w2p_decrypt] - Decryption error: Cannot instantiate interface Throwable
2024-12-06 09:46:28 [w2p_decrypt] - Decryption error: Cannot instantiate interface Throwable
2024-12-06 09:46:28 [w2p_decrypt] - Decryption error: Cannot instantiate interface Throwable
2024-12-06 09:46:28 [w2p_decrypt] - Decryption error: Cannot instantiate interface Throwable
2024-12-06 09:46:28 [w2p_decrypt] - Decryption error: Cannot instantiate interface Throwable
2024-12-06 09:46:28 [w2p_decrypt] - Decryption error: Cannot instantiate interface Throwable
2024-12-06 09:46:28 [w2p_decrypt] - Decryption error: Cannot instantiate interface Throwable
2024-12-06 09:46:48 [w2p_decrypt] - Decryption error: Cannot instantiate interface Throwable
2024-12-06 09:46:48 [w2p_decrypt] - Decryption error: Cannot instantiate interface Throwable
2024-12-06 09:46:48 [w2p_decrypt] - Decryption error: Cannot instantiate interface Throwable
2024-12-06 09:47:08 [w2p_decrypt] - Decryption error: Cannot instantiate interface Throwable
2024-12-06 09:47:08 [w2p_decrypt] - Decryption error: Cannot instantiate interface Throwable
2024-12-06 09:47:08 [w2p_decrypt] - Decryption error: Cannot instantiate interface Throwable
2024-12-06 09:47:27 [w2p_decrypt] - Decryption error: Cannot instantiate interface Throwable
2024-12-06 09:47:27 [w2p_decrypt] - Decryption error: Cannot instantiate interface Throwable
2024-12-06 09:47:27 [w2p_decrypt] - Decryption error: Cannot instantiate interface Throwable
2024-12-06 09:47:28 [w2p_decrypt] - Decryption error: Cannot instantiate interface Throwable
2024-12-06 09:47:28 [w2p_decrypt] - Decryption error: Cannot instantiate interface Throwable
2024-12-06 09:47:28 [w2p_decrypt] - Decryption error: Cannot instantiate interface Throwable
2024-12-06 09:47:28 [w2p_decrypt] - Decryption error: Cannot instantiate interface Throwable
2024-12-06 09:47:28 [w2p_decrypt] - Decryption error: Cannot instantiate interface Throwable
2024-12-06 09:47:28 [w2p_decrypt] - Decryption error: Cannot instantiate interface Throwable
2024-12-06 09:47:48 [w2p_decrypt] - Decryption error: Cannot instantiate interface Throwable
2024-12-06 09:47:48 [w2p_decrypt] - Decryption error: Cannot instantiate interface Throwable
2024-12-06 09:47:48 [w2p_decrypt] - Decryption error: Cannot instantiate interface Throwable
2024-12-06 09:48:08 [w2p_decrypt] - Decryption error: Cannot instantiate interface Throwable
2024-12-06 09:48:08 [w2p_decrypt] - Decryption error: Cannot instantiate interface Throwable
2024-12-06 09:48:08 [w2p_decrypt] - Decryption error: Cannot instantiate interface Throwable
2024-12-06 09:48:27 [w2p_decrypt] - Decryption error: Cannot instantiate interface Throwable
2024-12-06 09:48:27 [w2p_decrypt] - Decryption error: Cannot instantiate interface Throwable
2024-12-06 09:48:27 [w2p_decrypt] - Decryption error: Cannot instantiate interface Throwable
2024-12-06 09:48:28 [w2p_decrypt] - Decryption error: Cannot instantiate interface Throwable
2024-12-06 09:48:28 [w2p_decrypt] - Decryption error: Cannot instantiate interface Throwable
2024-12-06 09:48:28 [w2p_decrypt] - Decryption error: Cannot instantiate interface Throwable
2024-12-06 09:48:28 [w2p_decrypt] - Decryption error: Cannot instantiate interface Throwable
2024-12-06 09:48:28 [w2p_decrypt] - Decryption error: Cannot instantiate interface Throwable
2024-12-06 09:48:28 [w2p_decrypt] - Decryption error: Cannot instantiate interface Throwable
2024-12-06 09:48:48 [w2p_decrypt] - Decryption error: Cannot instantiate interface Throwable
2024-12-06 09:48:48 [w2p_decrypt] - Decryption error: Cannot instantiate interface Throwable
2024-12-06 09:48:48 [w2p_decrypt] - Decryption error: Cannot instantiate interface Throwable
2024-12-06 09:49:08 [w2p_decrypt] - Decryption error: Cannot instantiate interface Throwable
2024-12-06 09:49:08 [w2p_decrypt] - Decryption error: Cannot instantiate interface Throwable
2024-12-06 09:49:08 [w2p_decrypt] - Decryption error: Cannot instantiate interface Throwable
2024-12-06 09:49:27 [w2p_decrypt] - Decryption error: Cannot instantiate interface Throwable
2024-12-06 09:49:27 [w2p_decrypt] - Decryption error: Cannot instantiate interface Throwable
2024-12-06 09:49:27 [w2p_decrypt] - Decryption error: Cannot instantiate interface Throwable
2024-12-06 09:49:28 [w2p_decrypt] - Decryption error: Cannot instantiate interface Throwable
2024-12-06 09:49:28 [w2p_decrypt] - Decryption error: Cannot instantiate interface Throwable
2024-12-06 09:49:28 [w2p_decrypt] - Decryption error: Cannot instantiate interface Throwable
2024-12-06 09:49:28 [w2p_decrypt] - Decryption error: Cannot instantiate interface Throwable
2024-12-06 09:49:28 [w2p_decrypt] - Decryption error: Cannot instantiate interface Throwable
2024-12-06 09:49:28 [w2p_decrypt] - Decryption error: Cannot instantiate interface Throwable
2024-12-06 09:49:48 [w2p_decrypt] - Decryption error: Cannot instantiate interface Throwable
2024-12-06 09:49:48 [w2p_decrypt] - Decryption error: Cannot instantiate interface Throwable
2024-12-06 09:49:48 [w2p_decrypt] - Decryption error: Cannot instantiate interface Throwable
